<?xml version="1.0" encoding="UTF-8"?>
<testsuite name="shouldHaveSelenideTest" tests="1" skipped="0" failures="1" errors="0" timestamp="2026-05-20T11:27:30.870Z" hostname="FOR_YOU" time="8.3">
  <properties/>
  <testcase name="shouldFindSelenideRep()" classname="shouldHaveSelenideTest" time="8.285">
    <failure message="com.codeborne.selenide.ex.ElementNotFound: Element not found {By.name: css=span.flex-1}&#13;&#10;Expected: editable&#13;&#10;Screenshot: file:/C:/Users/Admin/IdeaProjects/qa_guru_18_git_2/build/reports/tests/1779276458906.0.png&#13;&#10;Page source: file:/C:/Users/Admin/IdeaProjects/qa_guru_18_git_2/build/reports/tests/1779276458906.0.html&#13;&#10;Timeout: 4 s.&#13;&#10;Caused by: NoSuchElementException: no such element: Unable to locate element: {&quot;method&quot;:&quot;css selector&quot;,&quot;selector&quot;:&quot;*[name='css=span.flex-1']&quot;}" type="com.codeborne.selenide.ex.ElementNotFound">Element not found {By.name: css=span.flex-1}
Expected: editable
Screenshot: file:/C:/Users/Admin/IdeaProjects/qa_guru_18_git_2/build/reports/tests/1779276458906.0.png
Page source: file:/C:/Users/Admin/IdeaProjects/qa_guru_18_git_2/build/reports/tests/1779276458906.0.html
Timeout: 4 s.
Caused by: NoSuchElementException: no such element: Unable to locate element: {&quot;method&quot;:&quot;css selector&quot;,&quot;selector&quot;:&quot;*[name='css=span.flex-1']&quot;}
	at com.codeborne.selenide.impl.WebElementSource.createElementNotFoundError(WebElementSource.java:89)
	at com.codeborne.selenide.impl.ElementFinder.createElementNotFoundError(ElementFinder.java:129)
	at com.codeborne.selenide.impl.WebElementSource.handleError(WebElementSource.java:140)
	at com.codeborne.selenide.impl.WebElementSource.checkConditionAndReturnElement(WebElementSource.java:123)
	at com.codeborne.selenide.impl.WebElementSource.findAndAssertElementIsEditable(WebElementSource.java:178)
	at com.codeborne.selenide.commands.SetValue.setValueForTextInput(SetValue.java:52)
	at com.codeborne.selenide.commands.SetValue.execute(SetValue.java:38)
	at com.codeborne.selenide.FluentCommand.execute(FluentCommand.java:27)
	at com.codeborne.selenide.FluentCommand.execute(FluentCommand.java:19)
	at com.codeborne.selenide.commands.Commands.execute(Commands.java:160)
	at com.codeborne.selenide.impl.SelenideElementProxy.dispatchAndRetry(SelenideElementProxy.java:131)
	at com.codeborne.selenide.impl.SelenideElementProxy.invoke(SelenideElementProxy.java:83)
	at jdk.proxy3/jdk.proxy3.$Proxy14.setValue(Unknown Source)
	at shouldHaveSelenideTest.shouldFindSelenideRep(shouldHaveSelenideTest.java:15)
	at java.base/java.lang.reflect.Method.invoke(Method.java:568)
	at java.base/java.util.ArrayList.forEach(ArrayList.java:1511)
	at java.base/java.util.ArrayList.forEach(ArrayList.java:1511)
Caused by: org.openqa.selenium.NoSuchElementException: no such element: Unable to locate element: {&quot;method&quot;:&quot;css selector&quot;,&quot;selector&quot;:&quot;*[name='css=span.flex-1']&quot;}
  (Session info: chrome=148.0.7778.179)
For documentation on this error, please visit: https://www.selenium.dev/documentation/webdriver/troubleshooting/errors#no-such-element-exception
Build info: version: '4.34.0', revision: '707dcb4246*'
System info: os.name: 'Windows 10', os.arch: 'amd64', os.version: '10.0', java.version: '17.0.12'
Driver info: org.openqa.selenium.chrome.ChromeDriver
Command: [8c4feca37c4cb9e21563bfa059e0db94, findElement {value=css=span.flex-1, using=name}]
Capabilities {acceptInsecureCerts: true, browserName: chrome, browserVersion: 148.0.7778.179, chrome: {chromedriverVersion: 148.0.7778.178 (d096af1c9e9..., userDataDir: C:\Users\Admin\AppData\Loca...}, fedcm:accounts: true, goog:chromeOptions: {debuggerAddress: localhost:56819}, goog:processID: 436, networkConnectionEnabled: false, pageLoadStrategy: normal, platformName: windows, proxy: Proxy(), se:cdp: ws://localhost:56819/devtoo..., se:cdpVersion: 148.0.7778.179, setWindowRect: true, strictFileInteractability: false, timeouts: {implicit: 0, pageLoad: 300000, script: 30000}, unhandledPromptBehavior: accept, webauthn:extension:credBlob: true, webauthn:extension:largeBlob: true, webauthn:extension:minPinLength: true, webauthn:extension:prf: true, webauthn:virtualAuthenticators: true}
Session ID: 8c4feca37c4cb9e21563bfa059e0db94
	at java.base/jdk.internal.reflect.NativeConstructorAccessorImpl.newInstance0(Native Method)
	at java.base/jdk.internal.reflect.NativeConstructorAccessorImpl.newInstance(NativeConstructorAccessorImpl.java:77)
	at java.base/jdk.internal.reflect.DelegatingConstructorAccessorImpl.newInstance(DelegatingConstructorAccessorImpl.java:45)
	at java.base/java.lang.reflect.Constructor.newInstanceWithCaller(Constructor.java:499)
	at java.base/java.lang.reflect.Constructor.newInstance(Constructor.java:480)
	at org.openqa.selenium.remote.ErrorCodec.decode(ErrorCodec.java:167)
	at org.openqa.selenium.remote.codec.w3c.W3CHttpResponseCodec.decode(W3CHttpResponseCodec.java:138)
	at org.openqa.selenium.remote.codec.w3c.W3CHttpResponseCodec.decode(W3CHttpResponseCodec.java:50)
	at org.openqa.selenium.remote.HttpCommandExecutor.execute(HttpCommandExecutor.java:215)
	at org.openqa.selenium.remote.service.DriverCommandExecutor.invokeExecute(DriverCommandExecutor.java:216)
	at org.openqa.selenium.remote.service.DriverCommandExecutor.execute(DriverCommandExecutor.java:174)
	at org.openqa.selenium.remote.RemoteWebDriver.execute(RemoteWebDriver.java:544)
	at org.openqa.selenium.remote.ElementLocation$ElementFinder$2.findElement(ElementLocation.java:165)
	at org.openqa.selenium.remote.ElementLocation.findElement(ElementLocation.java:59)
	at org.openqa.selenium.remote.RemoteWebDriver.findElement(RemoteWebDriver.java:367)
	at org.openqa.selenium.remote.RemoteWebDriver.findElement(RemoteWebDriver.java:361)
	at com.codeborne.selenide.impl.WebElementSelector.findElement(WebElementSelector.java:67)
	at com.codeborne.selenide.impl.WebElementSelector.findElement(WebElementSelector.java:38)
	at com.codeborne.selenide.impl.WebElementSelector.findElement(WebElementSelector.java:29)
	at com.codeborne.selenide.impl.ElementFinder.getWebElement(ElementFinder.java:113)
	at com.codeborne.selenide.impl.WebElementSource.checkConditionAndReturnElement(WebElementSource.java:112)
	... 13 more
</failure>
  </testcase>
  <system-out><![CDATA[]]></system-out>
  <system-err><![CDATA[[Test worker] INFO com.codeborne.selenide.WebDriverThreadLocalContainer - No webdriver is bound to current thread: 1 - let's create a new webdriver
мая 20, 2026 2:27:31 PM org.openqa.selenium.devtools.CdpVersionFinder findNearestMatch
WARNING: Unable to find CDP implementation matching 148
мая 20, 2026 2:27:31 PM org.openqa.selenium.chromium.ChromiumDriver lambda$new$4
WARNING: Unable to find version of CDP to use for 148.0.7778.179. You may need to include a dependency on a specific version of the CDP using something similar to `org.seleniumhq.selenium:selenium-devtools-v86:4.34.0` where the version ("v86") matches the version of the chromium-based browser you're using and the version number of the artifact is the same as Selenium's.
[Test worker] INFO com.codeborne.selenide.webdriver.WebDriverFactory - Selenide 7.9.4 / Selenium 4.34.0 / chrome 148.0.7778.179 windows
[Test worker] INFO com.codeborne.selenide.impl.AttachmentPrinter - [[ATTACHMENT|C:\Users\Admin\IdeaProjects\qa_guru_18_git_2\build\reports\tests\1779276458906.0.html]]
[Test worker] INFO com.codeborne.selenide.impl.AttachmentPrinter - [[ATTACHMENT|C:\Users\Admin\IdeaProjects\qa_guru_18_git_2\build\reports\tests\1779276458906.0.png]]
]]></system-err>
</testsuite>
