<?xml version="1.0" encoding="UTF-8"?>
<testsuite name="textBoxTests" tests="1" skipped="0" failures="0" errors="0" timestamp="2026-05-19T12:52:29.641Z" hostname="FOR_YOU" time="3.556">
  <properties/>
  <testcase name="fillFormTestTest()" classname="textBoxTests" time="3.521"/>
  <system-out><![CDATA[]]></system-out>
  <system-err><![CDATA[[Test worker] INFO com.codeborne.selenide.WebDriverThreadLocalContainer - No webdriver is bound to current thread: 1 - let's create a new webdriver
мая 19, 2026 3:52:30 PM org.openqa.selenium.devtools.CdpVersionFinder findNearestMatch
WARNING: Unable to find CDP implementation matching 148
мая 19, 2026 3:52:30 PM org.openqa.selenium.chromium.ChromiumDriver lambda$new$4
WARNING: Unable to find version of CDP to use for 148.0.7778.168. You may need to include a dependency on a specific version of the CDP using something similar to `org.seleniumhq.selenium:selenium-devtools-v86:4.34.0` where the version ("v86") matches the version of the chromium-based browser you're using and the version number of the artifact is the same as Selenium's.
[Test worker] INFO com.codeborne.selenide.webdriver.WebDriverFactory - Selenide 7.9.4 / Selenium 4.34.0 / chrome 148.0.7778.168 windows
]]></system-err>
</testsuite>
